The system is: Darwin - 13.3.0 - i386
Compiling the C compiler identification source file "CMakeCCompilerId.c" succeeded.
Compiler: /usr/local/bin/gcc 
Build flags: 
Id flags: 

The output was:
0


Compilation of the C compiler identification source "CMakeCCompilerId.c" produced "a.out"

The C compiler identification is GNU, found in "/Users/ricoh/ETH/RW/Heisenberg/heisenberg_beispiel/build/CMakeFiles/2.8.12.1/CompilerIdC/a.out"

Compiling the CXX compiler identification source file "CMakeCXXCompilerId.cpp" succeeded.
Compiler: /usr/bin/c++ 
Build flags: ;-ftemplate-depth-256;-Wall;-Wno-unknown-pragmas;-Wno-unused-function;-Wno-overloaded-virtual;-Wno-unneeded-internal-declaration;-Wno-unused-variable;-Wno-return-type-c-linkage;-stdlib=libstdc++
Id flags: 

The output was:
0


Compilation of the CXX compiler identification source "CMakeCXXCompilerId.cpp" produced "a.out"

The CXX compiler identification is Clang, found in "/Users/ricoh/ETH/RW/Heisenberg/heisenberg_beispiel/build/CMakeFiles/2.8.12.1/CompilerIdCXX/a.out"

Determining if the C compiler works passed with the following output:
Change Dir: /Users/ricoh/ETH/RW/Heisenberg/heisenberg_beispiel/build/CMakeFiles/CMakeTmp

Run Build Command:/usr/bin/make "cmTryCompileExec3514534944/fast"
/Applications/Xcode.app/Contents/Developer/usr/bin/make -f CMakeFiles/cmTryCompileExec3514534944.dir/build.make CMakeFiles/cmTryCompileExec3514534944.dir/build
/usr/local/Cellar/cmake/2.8.12.1/bin/cmake -E cmake_progress_report /Users/ricoh/ETH/RW/Heisenberg/heisenberg_beispiel/build/CMakeFiles/CMakeTmp/CMakeFiles 1
Building C object CMakeFiles/cmTryCompileExec3514534944.dir/testCCompiler.c.o
/usr/local/bin/gcc    -o CMakeFiles/cmTryCompileExec3514534944.dir/testCCompiler.c.o   -c /Users/ricoh/ETH/RW/Heisenberg/heisenberg_beispiel/build/CMakeFiles/CMakeTmp/testCCompiler.c
Linking C executable cmTryCompileExec3514534944
/usr/local/Cellar/cmake/2.8.12.1/bin/cmake -E cmake_link_script CMakeFiles/cmTryCompileExec3514534944.dir/link.txt --verbose=1
/usr/local/bin/gcc    -Wl,-search_paths_first -Wl,-headerpad_max_install_names   CMakeFiles/cmTryCompileExec3514534944.dir/testCCompiler.c.o  -o cmTryCompileExec3514534944  


Detecting C compiler ABI info compiled with the following output:
Change Dir: /Users/ricoh/ETH/RW/Heisenberg/heisenberg_beispiel/build/CMakeFiles/CMakeTmp

Run Build Command:/usr/bin/make "cmTryCompileExec2640567391/fast"
/Applications/Xcode.app/Contents/Developer/usr/bin/make -f CMakeFiles/cmTryCompileExec2640567391.dir/build.make CMakeFiles/cmTryCompileExec2640567391.dir/build
/usr/local/Cellar/cmake/2.8.12.1/bin/cmake -E cmake_progress_report /Users/ricoh/ETH/RW/Heisenberg/heisenberg_beispiel/build/CMakeFiles/CMakeTmp/CMakeFiles 1
Building C object CMakeFiles/cmTryCompileExec2640567391.dir/CMakeCCompilerABI.c.o
/usr/local/bin/gcc    -o CMakeFiles/cmTryCompileExec2640567391.dir/CMakeCCompilerABI.c.o   -c /usr/local/Cellar/cmake/2.8.12.1/share/cmake/Modules/CMakeCCompilerABI.c
Linking C executable cmTryCompileExec2640567391
/usr/local/Cellar/cmake/2.8.12.1/bin/cmake -E cmake_link_script CMakeFiles/cmTryCompileExec2640567391.dir/link.txt --verbose=1
/usr/local/bin/gcc    -Wl,-search_paths_first -Wl,-headerpad_max_install_names -v -Wl,-v CMakeFiles/cmTryCompileExec2640567391.dir/CMakeCCompilerABI.c.o  -o cmTryCompileExec2640567391   
Using built-in specs.
COLLECT_GCC=/usr/local/bin/gcc
COLLECT_LTO_WRAPPER=/usr/local/Cellar/gcc/4.7.2/gcc/libexec/gcc/x86_64-apple-darwin12.2.0/4.7.2/lto-wrapper
Target: x86_64-apple-darwin12.2.0
Configured with: ../configure --enable-languages=c,c++,fortran,java,objc,obj-c++ --prefix=/usr/local/Cellar/gcc/4.7.2/gcc --datarootdir=/usr/local/Cellar/gcc/4.7.2/share --bindir=/usr/local/Cellar/gcc/4.7.2/bin --program-suffix=-4.7 --with-gmp=/usr/local/opt/gmp --with-mpfr=/usr/local/opt/mpfr --with-mpc=/usr/local/opt/libmpc --with-system-zlib --enable-stage1-checking --enable-plugin --enable-lto --disable-nls --with-ecj-jar=/usr/local/opt/ecj/share/java/ecj.jar --disable-multilib
Thread model: posix
gcc version 4.7.2 (GCC) 
COMPILER_PATH=/usr/local/Cellar/gcc/4.7.2/gcc/libexec/gcc/x86_64-apple-darwin12.2.0/4.7.2/:/usr/local/Cellar/gcc/4.7.2/gcc/libexec/gcc/x86_64-apple-darwin12.2.0/4.7.2/:/usr/local/Cellar/gcc/4.7.2/gcc/libexec/gcc/x86_64-apple-darwin12.2.0/:/usr/local/Cellar/gcc/4.7.2/gcc/lib/gcc/x86_64-apple-darwin12.2.0/4.7.2/:/usr/local/Cellar/gcc/4.7.2/gcc/lib/gcc/x86_64-apple-darwin12.2.0/
LIBRARY_PATH=/usr/local/Cellar/gcc/4.7.2/gcc/lib/gcc/x86_64-apple-darwin12.2.0/4.7.2/:/usr/local/Cellar/gcc/4.7.2/gcc/lib/gcc/x86_64-apple-darwin12.2.0/4.7.2/../../../:/usr/lib/
COLLECT_GCC_OPTIONS='-mmacosx-version-min=10.9.3' '-v' '-o' 'cmTryCompileExec2640567391' '-mtune=core2'
 /usr/local/Cellar/gcc/4.7.2/gcc/libexec/gcc/x86_64-apple-darwin12.2.0/4.7.2/collect2 -dynamic -arch x86_64 -macosx_version_min 10.9.3 -weak_reference_mismatches non-weak -o cmTryCompileExec2640567391 -lcrt1.10.6.o -L/usr/local/Cellar/gcc/4.7.2/gcc/lib/gcc/x86_64-apple-darwin12.2.0/4.7.2 -L/usr/local/Cellar/gcc/4.7.2/gcc/lib/gcc/x86_64-apple-darwin12.2.0/4.7.2/../../.. -search_paths_first -headerpad_max_install_names -v CMakeFiles/cmTryCompileExec2640567391.dir/CMakeCCompilerABI.c.o -no_compact_unwind -lSystem -lgcc_ext.10.5 -lgcc -lSystem -v
collect2 version 4.7.2
/usr/bin/ld -dynamic -arch x86_64 -macosx_version_min 10.9.3 -weak_reference_mismatches non-weak -o cmTryCompileExec2640567391 -lcrt1.10.6.o -L/usr/local/Cellar/gcc/4.7.2/gcc/lib/gcc/x86_64-apple-darwin12.2.0/4.7.2 -L/usr/local/Cellar/gcc/4.7.2/gcc/lib/gcc/x86_64-apple-darwin12.2.0/4.7.2/../../.. -search_paths_first -headerpad_max_install_names -v CMakeFiles/cmTryCompileExec2640567391.dir/CMakeCCompilerABI.c.o -no_compact_unwind -lSystem -lgcc_ext.10.5 -lgcc -lSystem -v
@(#)PROGRAM:ld  PROJECT:ld64-236.4
configured to support archs: armv6 armv7 armv7s arm64 i386 x86_64 armv6m armv7m armv7em
@(#)PROGRAM:ld  PROJECT:ld64-236.4
configured to support archs: armv6 armv7 armv7s arm64 i386 x86_64 armv6m armv7m armv7em
Library search paths:
	/usr/local/Cellar/gcc/4.7.2/gcc/lib/gcc/x86_64-apple-darwin12.2.0/4.7.2
	/usr/local/Cellar/gcc/4.7.2/gcc/lib
	/usr/lib
	/usr/local/lib
Framework search paths:
	/Library/Frameworks/
	/System/Library/Frameworks/


Parsed C implicit link information from above output:
  link line regex: [^( *|.*[/\])(ld|([^/\]+-)?ld|collect2)[^/\]*( |$)]
  ignore line: [Change Dir: /Users/ricoh/ETH/RW/Heisenberg/heisenberg_beispiel/build/CMakeFiles/CMakeTmp]
  ignore line: []
  ignore line: [Run Build Command:/usr/bin/make "cmTryCompileExec2640567391/fast"]
  ignore line: [/Applications/Xcode.app/Contents/Developer/usr/bin/make -f CMakeFiles/cmTryCompileExec2640567391.dir/build.make CMakeFiles/cmTryCompileExec2640567391.dir/build]
  ignore line: [/usr/local/Cellar/cmake/2.8.12.1/bin/cmake -E cmake_progress_report /Users/ricoh/ETH/RW/Heisenberg/heisenberg_beispiel/build/CMakeFiles/CMakeTmp/CMakeFiles 1]
  ignore line: [Building C object CMakeFiles/cmTryCompileExec2640567391.dir/CMakeCCompilerABI.c.o]
  ignore line: [/usr/local/bin/gcc    -o CMakeFiles/cmTryCompileExec2640567391.dir/CMakeCCompilerABI.c.o   -c /usr/local/Cellar/cmake/2.8.12.1/share/cmake/Modules/CMakeCCompilerABI.c]
  ignore line: [Linking C executable cmTryCompileExec2640567391]
  ignore line: [/usr/local/Cellar/cmake/2.8.12.1/bin/cmake -E cmake_link_script CMakeFiles/cmTryCompileExec2640567391.dir/link.txt --verbose=1]
  ignore line: [/usr/local/bin/gcc    -Wl,-search_paths_first -Wl,-headerpad_max_install_names -v -Wl,-v CMakeFiles/cmTryCompileExec2640567391.dir/CMakeCCompilerABI.c.o  -o cmTryCompileExec2640567391   ]
  ignore line: [Using built-in specs.]
  ignore line: [COLLECT_GCC=/usr/local/bin/gcc]
  ignore line: [COLLECT_LTO_WRAPPER=/usr/local/Cellar/gcc/4.7.2/gcc/libexec/gcc/x86_64-apple-darwin12.2.0/4.7.2/lto-wrapper]
  ignore line: [Target: x86_64-apple-darwin12.2.0]
  ignore line: [Configured with: ../configure --enable-languages=c,c++,fortran,java,objc,obj-c++ --prefix=/usr/local/Cellar/gcc/4.7.2/gcc --datarootdir=/usr/local/Cellar/gcc/4.7.2/share --bindir=/usr/local/Cellar/gcc/4.7.2/bin --program-suffix=-4.7 --with-gmp=/usr/local/opt/gmp --with-mpfr=/usr/local/opt/mpfr --with-mpc=/usr/local/opt/libmpc --with-system-zlib --enable-stage1-checking --enable-plugin --enable-lto --disable-nls --with-ecj-jar=/usr/local/opt/ecj/share/java/ecj.jar --disable-multilib]
  ignore line: [Thread model: posix]
  ignore line: [gcc version 4.7.2 (GCC) ]
  ignore line: [COMPILER_PATH=/usr/local/Cellar/gcc/4.7.2/gcc/libexec/gcc/x86_64-apple-darwin12.2.0/4.7.2/:/usr/local/Cellar/gcc/4.7.2/gcc/libexec/gcc/x86_64-apple-darwin12.2.0/4.7.2/:/usr/local/Cellar/gcc/4.7.2/gcc/libexec/gcc/x86_64-apple-darwin12.2.0/:/usr/local/Cellar/gcc/4.7.2/gcc/lib/gcc/x86_64-apple-darwin12.2.0/4.7.2/:/usr/local/Cellar/gcc/4.7.2/gcc/lib/gcc/x86_64-apple-darwin12.2.0/]
  ignore line: [LIBRARY_PATH=/usr/local/Cellar/gcc/4.7.2/gcc/lib/gcc/x86_64-apple-darwin12.2.0/4.7.2/:/usr/local/Cellar/gcc/4.7.2/gcc/lib/gcc/x86_64-apple-darwin12.2.0/4.7.2/../../../:/usr/lib/]
  ignore line: [COLLECT_GCC_OPTIONS='-mmacosx-version-min=10.9.3' '-v' '-o' 'cmTryCompileExec2640567391' '-mtune=core2']
  link line: [ /usr/local/Cellar/gcc/4.7.2/gcc/libexec/gcc/x86_64-apple-darwin12.2.0/4.7.2/collect2 -dynamic -arch x86_64 -macosx_version_min 10.9.3 -weak_reference_mismatches non-weak -o cmTryCompileExec2640567391 -lcrt1.10.6.o -L/usr/local/Cellar/gcc/4.7.2/gcc/lib/gcc/x86_64-apple-darwin12.2.0/4.7.2 -L/usr/local/Cellar/gcc/4.7.2/gcc/lib/gcc/x86_64-apple-darwin12.2.0/4.7.2/../../.. -search_paths_first -headerpad_max_install_names -v CMakeFiles/cmTryCompileExec2640567391.dir/CMakeCCompilerABI.c.o -no_compact_unwind -lSystem -lgcc_ext.10.5 -lgcc -lSystem -v]
    arg [/usr/local/Cellar/gcc/4.7.2/gcc/libexec/gcc/x86_64-apple-darwin12.2.0/4.7.2/collect2] ==> ignore
    arg [-dynamic] ==> ignore
    arg [-arch] ==> ignore
    arg [x86_64] ==> ignore
    arg [-macosx_version_min] ==> ignore
    arg [10.9.3] ==> ignore
    arg [-weak_reference_mismatches] ==> ignore
    arg [non-weak] ==> ignore
    arg [-o] ==> ignore
    arg [cmTryCompileExec2640567391] ==> ignore
    arg [-lcrt1.10.6.o] ==> lib [crt1.10.6.o]
    arg [-L/usr/local/Cellar/gcc/4.7.2/gcc/lib/gcc/x86_64-apple-darwin12.2.0/4.7.2] ==> dir [/usr/local/Cellar/gcc/4.7.2/gcc/lib/gcc/x86_64-apple-darwin12.2.0/4.7.2]
    arg [-L/usr/local/Cellar/gcc/4.7.2/gcc/lib/gcc/x86_64-apple-darwin12.2.0/4.7.2/../../..] ==> dir [/usr/local/Cellar/gcc/4.7.2/gcc/lib/gcc/x86_64-apple-darwin12.2.0/4.7.2/../../..]
    arg [-search_paths_first] ==> ignore
    arg [-headerpad_max_install_names] ==> ignore
    arg [-v] ==> ignore
    arg [CMakeFiles/cmTryCompileExec2640567391.dir/CMakeCCompilerABI.c.o] ==> ignore
    arg [-no_compact_unwind] ==> ignore
    arg [-lSystem] ==> lib [System]
    arg [-lgcc_ext.10.5] ==> lib [gcc_ext.10.5]
    arg [-lgcc] ==> lib [gcc]
    arg [-lSystem] ==> lib [System]
    arg [-v] ==> ignore
  Library search paths: [;/usr/local/Cellar/gcc/4.7.2/gcc/lib/gcc/x86_64-apple-darwin12.2.0/4.7.2;/usr/local/Cellar/gcc/4.7.2/gcc/lib;/usr/lib;/usr/local/lib]
  Framework search paths: [;/Library/Frameworks/;/System/Library/Frameworks/]
  remove lib [crt1.10.6.o]
  remove lib [System]
  remove lib [gcc_ext.10.5]
  remove lib [gcc]
  remove lib [System]
  collapse library dir [/usr/local/Cellar/gcc/4.7.2/gcc/lib/gcc/x86_64-apple-darwin12.2.0/4.7.2] ==> [/usr/local/Cellar/gcc/4.7.2/gcc/lib/gcc/x86_64-apple-darwin12.2.0/4.7.2]
  collapse library dir [/usr/local/Cellar/gcc/4.7.2/gcc/lib/gcc/x86_64-apple-darwin12.2.0/4.7.2/../../..] ==> [/usr/local/Cellar/gcc/4.7.2/gcc/lib]
  collapse library dir [/usr/local/Cellar/gcc/4.7.2/gcc/lib/gcc/x86_64-apple-darwin12.2.0/4.7.2] ==> [/usr/local/Cellar/gcc/4.7.2/gcc/lib/gcc/x86_64-apple-darwin12.2.0/4.7.2]
  collapse library dir [/usr/local/Cellar/gcc/4.7.2/gcc/lib] ==> [/usr/local/Cellar/gcc/4.7.2/gcc/lib]
  collapse library dir [/usr/lib] ==> [/usr/lib]
  collapse library dir [/usr/local/lib] ==> [/usr/local/lib]
  collapse framework dir [/Library/Frameworks/] ==> [/Library/Frameworks]
  collapse framework dir [/System/Library/Frameworks/] ==> [/System/Library/Frameworks]
  implicit libs: []
  implicit dirs: [/usr/local/Cellar/gcc/4.7.2/gcc/lib/gcc/x86_64-apple-darwin12.2.0/4.7.2;/usr/local/Cellar/gcc/4.7.2/gcc/lib;/usr/lib;/usr/local/lib]
  implicit fwks: [/Library/Frameworks;/System/Library/Frameworks]


Determining if the CXX compiler works passed with the following output:
Change Dir: /Users/ricoh/ETH/RW/Heisenberg/heisenberg_beispiel/build/CMakeFiles/CMakeTmp

Run Build Command:/usr/bin/make "cmTryCompileExec597150600/fast"
/Applications/Xcode.app/Contents/Developer/usr/bin/make -f CMakeFiles/cmTryCompileExec597150600.dir/build.make CMakeFiles/cmTryCompileExec597150600.dir/build
/usr/local/Cellar/cmake/2.8.12.1/bin/cmake -E cmake_progress_report /Users/ricoh/ETH/RW/Heisenberg/heisenberg_beispiel/build/CMakeFiles/CMakeTmp/CMakeFiles 1
Building CXX object CMakeFiles/cmTryCompileExec597150600.dir/testCXXCompiler.cxx.o
/usr/bin/c++    -ftemplate-depth-256 -Wall -Wno-unknown-pragmas -Wno-unused-function -Wno-overloaded-virtual -Wno-unneeded-internal-declaration -Wno-unused-variable -Wno-return-type-c-linkage -stdlib=libstdc++    -o CMakeFiles/cmTryCompileExec597150600.dir/testCXXCompiler.cxx.o -c /Users/ricoh/ETH/RW/Heisenberg/heisenberg_beispiel/build/CMakeFiles/CMakeTmp/testCXXCompiler.cxx
Linking CXX executable cmTryCompileExec597150600
/usr/local/Cellar/cmake/2.8.12.1/bin/cmake -E cmake_link_script CMakeFiles/cmTryCompileExec597150600.dir/link.txt --verbose=1
/usr/bin/c++    -ftemplate-depth-256 -Wall -Wno-unknown-pragmas -Wno-unused-function -Wno-overloaded-virtual -Wno-unneeded-internal-declaration -Wno-unused-variable -Wno-return-type-c-linkage -stdlib=libstdc++  -Wl,-search_paths_first -Wl,-headerpad_max_install_names   CMakeFiles/cmTryCompileExec597150600.dir/testCXXCompiler.cxx.o  -o cmTryCompileExec597150600  


Detecting CXX compiler ABI info compiled with the following output:
Change Dir: /Users/ricoh/ETH/RW/Heisenberg/heisenberg_beispiel/build/CMakeFiles/CMakeTmp

Run Build Command:/usr/bin/make "cmTryCompileExec1614711934/fast"
/Applications/Xcode.app/Contents/Developer/usr/bin/make -f CMakeFiles/cmTryCompileExec1614711934.dir/build.make CMakeFiles/cmTryCompileExec1614711934.dir/build
/usr/local/Cellar/cmake/2.8.12.1/bin/cmake -E cmake_progress_report /Users/ricoh/ETH/RW/Heisenberg/heisenberg_beispiel/build/CMakeFiles/CMakeTmp/CMakeFiles 1
Building CXX object CMakeFiles/cmTryCompileExec1614711934.dir/CMakeCXXCompilerABI.cpp.o
/usr/bin/c++    -ftemplate-depth-256 -Wall -Wno-unknown-pragmas -Wno-unused-function -Wno-overloaded-virtual -Wno-unneeded-internal-declaration -Wno-unused-variable -Wno-return-type-c-linkage -stdlib=libstdc++    -o CMakeFiles/cmTryCompileExec1614711934.dir/CMakeCXXCompilerABI.cpp.o -c /usr/local/Cellar/cmake/2.8.12.1/share/cmake/Modules/CMakeCXXCompilerABI.cpp
Linking CXX executable cmTryCompileExec1614711934
/usr/local/Cellar/cmake/2.8.12.1/bin/cmake -E cmake_link_script CMakeFiles/cmTryCompileExec1614711934.dir/link.txt --verbose=1
/usr/bin/c++    -ftemplate-depth-256 -Wall -Wno-unknown-pragmas -Wno-unused-function -Wno-overloaded-virtual -Wno-unneeded-internal-declaration -Wno-unused-variable -Wno-return-type-c-linkage -stdlib=libstdc++  -Wl,-search_paths_first -Wl,-headerpad_max_install_names -v -Wl,-v CMakeFiles/cmTryCompileExec1614711934.dir/CMakeCXXCompilerABI.cpp.o  -o cmTryCompileExec1614711934   
Apple LLVM version 5.1 (clang-503.0.40) (based on LLVM 3.4svn)
Target: x86_64-apple-darwin13.3.0
Thread model: posix
 "/Applications/Xcode.app/Contents/Developer/Toolchains/XcodeDefault.xctoolchain/usr/bin/ld" -demangle -dynamic -arch x86_64 -macosx_version_min 10.9.0 -o cmTryCompileExec1614711934 -search_paths_first -headerpad_max_install_names -v CMakeFiles/cmTryCompileExec1614711934.dir/CMakeCXXCompilerABI.cpp.o -lstdc++ -lSystem /Applications/Xcode.app/Contents/Developer/Toolchains/XcodeDefault.xctoolchain/usr/bin/../lib/clang/5.1/lib/darwin/libclang_rt.osx.a
@(#)PROGRAM:ld  PROJECT:ld64-236.4
configured to support archs: armv6 armv7 armv7s arm64 i386 x86_64 armv6m armv7m armv7em
Library search paths:
	/usr/lib
	/usr/local/lib
Framework search paths:
	/Library/Frameworks/
	/System/Library/Frameworks/


Parsed CXX implicit link information from above output:
  link line regex: [^( *|.*[/\])(ld|([^/\]+-)?ld|collect2)[^/\]*( |$)]
  ignore line: [Change Dir: /Users/ricoh/ETH/RW/Heisenberg/heisenberg_beispiel/build/CMakeFiles/CMakeTmp]
  ignore line: []
  ignore line: [Run Build Command:/usr/bin/make "cmTryCompileExec1614711934/fast"]
  ignore line: [/Applications/Xcode.app/Contents/Developer/usr/bin/make -f CMakeFiles/cmTryCompileExec1614711934.dir/build.make CMakeFiles/cmTryCompileExec1614711934.dir/build]
  ignore line: [/usr/local/Cellar/cmake/2.8.12.1/bin/cmake -E cmake_progress_report /Users/ricoh/ETH/RW/Heisenberg/heisenberg_beispiel/build/CMakeFiles/CMakeTmp/CMakeFiles 1]
  ignore line: [Building CXX object CMakeFiles/cmTryCompileExec1614711934.dir/CMakeCXXCompilerABI.cpp.o]
  ignore line: [/usr/bin/c++    -ftemplate-depth-256 -Wall -Wno-unknown-pragmas -Wno-unused-function -Wno-overloaded-virtual -Wno-unneeded-internal-declaration -Wno-unused-variable -Wno-return-type-c-linkage -stdlib=libstdc++    -o CMakeFiles/cmTryCompileExec1614711934.dir/CMakeCXXCompilerABI.cpp.o -c /usr/local/Cellar/cmake/2.8.12.1/share/cmake/Modules/CMakeCXXCompilerABI.cpp]
  ignore line: [Linking CXX executable cmTryCompileExec1614711934]
  ignore line: [/usr/local/Cellar/cmake/2.8.12.1/bin/cmake -E cmake_link_script CMakeFiles/cmTryCompileExec1614711934.dir/link.txt --verbose=1]
  ignore line: [/usr/bin/c++    -ftemplate-depth-256 -Wall -Wno-unknown-pragmas -Wno-unused-function -Wno-overloaded-virtual -Wno-unneeded-internal-declaration -Wno-unused-variable -Wno-return-type-c-linkage -stdlib=libstdc++  -Wl,-search_paths_first -Wl,-headerpad_max_install_names -v -Wl,-v CMakeFiles/cmTryCompileExec1614711934.dir/CMakeCXXCompilerABI.cpp.o  -o cmTryCompileExec1614711934   ]
  ignore line: [Apple LLVM version 5.1 (clang-503.0.40) (based on LLVM 3.4svn)]
  ignore line: [Target: x86_64-apple-darwin13.3.0]
  ignore line: [Thread model: posix]
  link line: [ "/Applications/Xcode.app/Contents/Developer/Toolchains/XcodeDefault.xctoolchain/usr/bin/ld" -demangle -dynamic -arch x86_64 -macosx_version_min 10.9.0 -o cmTryCompileExec1614711934 -search_paths_first -headerpad_max_install_names -v CMakeFiles/cmTryCompileExec1614711934.dir/CMakeCXXCompilerABI.cpp.o -lstdc++ -lSystem /Applications/Xcode.app/Contents/Developer/Toolchains/XcodeDefault.xctoolchain/usr/bin/../lib/clang/5.1/lib/darwin/libclang_rt.osx.a]
    arg [/Applications/Xcode.app/Contents/Developer/Toolchains/XcodeDefault.xctoolchain/usr/bin/ld] ==> ignore
    arg [-demangle] ==> ignore
    arg [-dynamic] ==> ignore
    arg [-arch] ==> ignore
    arg [x86_64] ==> ignore
    arg [-macosx_version_min] ==> ignore
    arg [10.9.0] ==> ignore
    arg [-o] ==> ignore
    arg [cmTryCompileExec1614711934] ==> ignore
    arg [-search_paths_first] ==> ignore
    arg [-headerpad_max_install_names] ==> ignore
    arg [-v] ==> ignore
    arg [CMakeFiles/cmTryCompileExec1614711934.dir/CMakeCXXCompilerABI.cpp.o] ==> ignore
    arg [-lstdc++] ==> lib [stdc++]
    arg [-lSystem] ==> lib [System]
    arg [/Applications/Xcode.app/Contents/Developer/Toolchains/XcodeDefault.xctoolchain/usr/bin/../lib/clang/5.1/lib/darwin/libclang_rt.osx.a] ==> lib [/Applications/Xcode.app/Contents/Developer/Toolchains/XcodeDefault.xctoolchain/usr/bin/../lib/clang/5.1/lib/darwin/libclang_rt.osx.a]
  Library search paths: [;/usr/lib;/usr/local/lib]
  Framework search paths: [;/Library/Frameworks/;/System/Library/Frameworks/]
  remove lib [System]
  collapse lib [/Applications/Xcode.app/Contents/Developer/Toolchains/XcodeDefault.xctoolchain/usr/bin/../lib/clang/5.1/lib/darwin/libclang_rt.osx.a] ==> [/Applications/Xcode.app/Contents/Developer/Toolchains/XcodeDefault.xctoolchain/usr/lib/clang/5.1/lib/darwin/libclang_rt.osx.a]
  collapse library dir [/usr/lib] ==> [/usr/lib]
  collapse library dir [/usr/local/lib] ==> [/usr/local/lib]
  collapse framework dir [/Library/Frameworks/] ==> [/Library/Frameworks]
  collapse framework dir [/System/Library/Frameworks/] ==> [/System/Library/Frameworks]
  implicit libs: [stdc++;/Applications/Xcode.app/Contents/Developer/Toolchains/XcodeDefault.xctoolchain/usr/lib/clang/5.1/lib/darwin/libclang_rt.osx.a]
  implicit dirs: [/usr/lib;/usr/local/lib]
  implicit fwks: [/Library/Frameworks;/System/Library/Frameworks]


